proguard/seeds.txt
com.powerock.quran.QuranActivity
com.powerock.quran.QuranActivity: QuranActivity()
com.powerock.quran.WelcomeActivity
com.powerock.quran.WelcomeActivity: WelcomeActivity()
com.powerock.quran.plugin.CommandService
com.powerock.quran.plugin.CommandService: CommandService()
com.powerock.quran.plugin.ProxyActivity
com.powerock.quran.plugin.ProxyActivity: ProxyActivity()
...
com.android.volley.Request$Priority: com.android.volley.Request$Priority[] values()
com.android.volley.Request$Priority: com.android.volley.Request$Priority valueOf(java.lang.String)
com.android.volley.toolbox.NetworkImageView
com.android.volley.toolbox.NetworkImageView: NetworkImageView(android.content.Context,android.util.AttributeSet)
com.android.volley.toolbox.NetworkImageView: NetworkImageView(android.content.Context,android.util.AttributeSet,int)